[DB_LOG] 2025/03/11 14:38:41 logger.go:37: SQL: SELECT id, name, quantity, price FROM products LIMIT ? OFFSET ? | ARGS: []
[DB_LOG] 2025/03/11 14:40:30 logger.go:37: SQL: SELECT * FROM products WHERE id = ? | ARGS: [1]
[DB_LOG] 2025/03/11 15:35:18 order_repository.go:19: 📌 Executing Query: SELECT id, customer_name, total_price FROM orders LIMIT $1 OFFSET $2
[DB_LOG] 2025/03/11 15:35:18 logger.go:37: SQL: SELECT id, customer_name, total_price FROM orders LIMIT $1 OFFSET $2 | ARGS: []
[DB_LOG] 2025/03/11 15:43:21 order_repository.go:19: 📌 Executing Query: SELECT id, customer_name, total_price FROM orders LIMIT $1 OFFSET $2
[DB_LOG] 2025/03/11 15:43:21 logger.go:37: SQL: SELECT id, customer_name, total_price FROM orders LIMIT $1 OFFSET $2 | ARGS: []
[DB_LOG] 2025/03/11 15:43:23 order_repository.go:19: 📌 Executing Query: SELECT id, customer_name, total_price FROM orders LIMIT $1 OFFSET $2
[DB_LOG] 2025/03/11 15:43:23 logger.go:37: SQL: SELECT id, customer_name, total_price FROM orders LIMIT $1 OFFSET $2 | ARGS: []
[DB_LOG] 2025/03/11 15:43:29 order_repository.go:19: 📌 Executing Query: SELECT id, customer_name, total_price FROM orders LIMIT $1 OFFSET $2
[DB_LOG] 2025/03/11 15:43:29 logger.go:37: SQL: SELECT id, customer_name, total_price FROM orders LIMIT $1 OFFSET $2 | ARGS: []
[DB_LOG] 2025/03/11 15:44:49 order_repository.go:19: 📌 Executing Query: SELECT id, customer_name, total_price FROM orders LIMIT $1 OFFSET $2
[DB_LOG] 2025/03/11 15:44:49 logger.go:37: SQL: SELECT id, customer_name, total_price FROM orders LIMIT $1 OFFSET $2 | ARGS: []
[DB_LOG] 2025/03/11 15:45:12 order_repository.go:19: 📌 Executing Query: SELECT id, customer_name, total_price FROM orders LIMIT $1 OFFSET $2
[DB_LOG] 2025/03/11 15:45:12 logger.go:37: SQL: SELECT id, customer_name, total_price FROM orders LIMIT $1 OFFSET $2 | ARGS: []
[DB_LOG] 2025/03/11 15:45:17 order_repository.go:19: 📌 Executing Query: SELECT id, customer_name, total_price FROM orders LIMIT $1 OFFSET $2
[DB_LOG] 2025/03/11 15:45:17 logger.go:37: SQL: SELECT id, customer_name, total_price FROM orders LIMIT $1 OFFSET $2 | ARGS: []
[DB_LOG] 2025/03/11 15:46:29 order_repository.go:19: 📌 Executing Query: SELECT id, customer_name, total_price FROM orders LIMIT $1 OFFSET $2
[DB_LOG] 2025/03/11 15:46:29 logger.go:37: SQL: SELECT id, customer_name, total_price FROM orders LIMIT $1 OFFSET $2 | ARGS: []
[DB_LOG] 2025/03/11 15:46:39 order_repository.go:19: 📌 Executing Query: SELECT id, customer_name, total_price FROM orders LIMIT $1 OFFSET $2
[DB_LOG] 2025/03/11 15:46:39 logger.go:37: SQL: SELECT id, customer_name, total_price FROM orders LIMIT $1 OFFSET $2 | ARGS: []
[DB_LOG] 2025/03/11 15:47:55 order_repository.go:19: 📌 Executing Query: SELECT id, customer_name, total_price FROM orders LIMIT $1 OFFSET $2
[DB_LOG] 2025/03/11 15:47:55 logger.go:37: SQL: SELECT id, customer_name, total_price FROM orders LIMIT $1 OFFSET $2 | ARGS: []
[DB_LOG] 2025/03/11 15:49:39 order_repository.go:19: 📌 Executing Query: SELECT id, customer_name, total_price FROM orders LIMIT $1 OFFSET $2
[DB_LOG] 2025/03/11 15:49:39 logger.go:37: SQL: SELECT id, customer_name, total_price FROM orders LIMIT $1 OFFSET $2 | ARGS: []
[DB_LOG] 2025/03/11 15:50:39 order_repository.go:19: 📌 Executing Query: SELECT id, customer_name, total_price FROM orders LIMIT $1 OFFSET $2
[DB_LOG] 2025/03/11 15:50:39 logger.go:37: SQL: SELECT id, customer_name, total_price FROM orders LIMIT $1 OFFSET $2 | ARGS: []
[DB_LOG] 2025/03/11 15:51:17 order_repository.go:19: 📌 Executing Query: SELECT id, customer_name, total_price FROM orders LIMIT $1 OFFSET $2
[DB_LOG] 2025/03/11 15:51:17 logger.go:37: SQL: SELECT id, customer_name, total_price FROM orders LIMIT $1 OFFSET $2 | ARGS: []
[DB_LOG] 2025/03/11 15:52:06 order_repository.go:19: 📌 Executing Query: SELECT id, customer_name, total_price FROM orders LIMIT $1 OFFSET $2
[DB_LOG] 2025/03/11 15:52:06 logger.go:37: SQL: SELECT id, customer_name, total_price FROM orders LIMIT $1 OFFSET $2 | ARGS: []
[DB_LOG] 2025/03/11 15:53:31 order_repository.go:19: 📌 Executing Query: SELECT id, customer_name, total_price FROM orders LIMIT $1 OFFSET $2
[DB_LOG] 2025/03/11 15:53:31 logger.go:37: SQL: SELECT id, customer_name, total_price FROM orders LIMIT $1 OFFSET $2 | ARGS: []
[DB_LOG] 2025/03/11 15:55:19 order_repository.go:21: 📌 Executing Query: SELECT id, customer_name, total_price FROM orders LIMIT $1 OFFSET $2
[DB_LOG] 2025/03/11 15:55:19 logger.go:37: SQL: SELECT id, customer_name, total_price FROM orders LIMIT $1 OFFSET $2 | ARGS: []
[DB_LOG] 2025/03/11 15:57:13 order_repository.go:21: 📌 Executing Query: SELECT id, customer_name, total_price FROM orders LIMIT $1 OFFSET $2
[DB_LOG] 2025/03/11 15:57:13 logger.go:37: SQL: SELECT id, customer_name, total_price FROM orders LIMIT $1 OFFSET $2 | ARGS: []
[DB_LOG] 2025/03/11 16:01:26 order_repository.go:21: 📌 Executing Query: SELECT id, customer_name, total_price FROM orders LIMIT $1 OFFSET $2
[DB_LOG] 2025/03/11 16:01:26 logger.go:37: SQL: SELECT id, customer_name, total_price FROM orders LIMIT $1 OFFSET $2 | ARGS: []
[DB_LOG] 2025/03/11 16:03:02 order_repository.go:21: 📌 Executing Query: SELECT id, customer_name, total_price FROM orders LIMIT $1 OFFSET $2
[DB_LOG] 2025/03/11 16:03:02 logger.go:37: SQL: SELECT id, customer_name, total_price FROM orders LIMIT $1 OFFSET $2 | ARGS: []
[DB_LOG] 2025/03/11 16:14:37 order_repository.go:21: 📌 Executing Query: SELECT id, customer_name, total_price FROM orders LIMIT ? OFFSET ?
[DB_LOG] 2025/03/11 16:14:37 logger.go:37: SQL: SELECT id, customer_name, total_price FROM orders LIMIT ? OFFSET ? | ARGS: []
[DB_LOG] 2025/03/11 16:15:29 order_repository.go:21: 📌 Executing Query: SELECT id, customer_name, total_price FROM orders LIMIT ? OFFSET ?
[DB_LOG] 2025/03/11 16:15:29 logger.go:37: SQL: SELECT id, customer_name, total_price FROM orders LIMIT ? OFFSET ? | ARGS: []
[DB_LOG] 2025/03/11 16:15:33 order_repository.go:21: 📌 Executing Query: SELECT id, customer_name, total_price FROM orders LIMIT ? OFFSET ?
[DB_LOG] 2025/03/11 16:15:33 logger.go:37: SQL: SELECT id, customer_name, total_price FROM orders LIMIT ? OFFSET ? | ARGS: []
[DB_LOG] 2025/03/11 16:16:20 order_repository.go:21: 📌 Executing Query: SELECT id, customer_name, total_price FROM orders LIMIT ? OFFSET ?
[DB_LOG] 2025/03/11 16:16:20 logger.go:37: SQL: SELECT id, customer_name, total_price FROM orders LIMIT ? OFFSET ? | ARGS: []
[DB_LOG] 2025/03/11 16:30:29 order_repository.go:19: 📌 Executing Query: SELECT id, customer_name, total_price FROM orders LIMIT ? OFFSET ?
[DB_LOG] 2025/03/11 16:30:29 logger.go:37: SQL: SELECT id, customer_name, total_price FROM orders LIMIT ? OFFSET ? | ARGS: []
[DB_LOG] 2025/03/13 09:32:40 logger.go:37: SQL: SELECT * FROM products WHERE id = ? | ARGS: [1]
[DB_LOG] 2025/03/13 16:41:38 logger.go:37: SQL: SELECT id, name, quantity, price FROM products LIMIT $1 OFFSET $2 | ARGS: []
[DB_LOG] 2025/03/13 16:41:40 logger.go:37: SQL: SELECT id, name, quantity, price FROM products LIMIT $1 OFFSET $2 | ARGS: []
[DB_LOG] 2025/03/13 16:41:41 logger.go:37: SQL: SELECT id, name, quantity, price FROM products LIMIT $1 OFFSET $2 | ARGS: []
[DB_LOG] 2025/03/13 16:41:42 logger.go:37: SQL: SELECT id, name, quantity, price FROM products LIMIT $1 OFFSET $2 | ARGS: []
[DB_LOG] 2025/03/13 16:42:07 logger.go:37: SQL: SELECT id, name, quantity, price FROM products LIMIT $1 OFFSET $2 | ARGS: []
[DB_LOG] 2025/03/13 16:42:57 logger.go:37: SQL: SELECT id, name, quantity, price FROM products LIMIT $1 OFFSET $2 | ARGS: []
[DB_LOG] 2025/03/13 16:43:35 logger.go:37: SQL: SELECT id, name, quantity, price FROM products LIMIT $1 OFFSET $2 | ARGS: []
[DB_LOG] 2025/03/13 16:43:55 logger.go:37: SQL: SELECT * FROM products WHERE id = ? | ARGS: [1]
[DB_LOG] 2025/03/13 16:49:18 logger.go:37: SQL: SELECT id, name, quantity, price FROM products LIMIT $1 OFFSET $2 | ARGS: []
[DB_LOG] 2025/03/13 16:49:49 logger.go:37: SQL: SELECT id, name, quantity, price FROM products LIMIT $1 OFFSET $2 | ARGS: []
[DB_LOG] 2025/03/13 16:54:28 logger.go:37: SQL: SELECT id, name, quantity, price FROM products LIMIT $1 OFFSET $2 | ARGS: []
[DB_LOG] 2025/03/13 16:54:29 logger.go:37: SQL: SELECT id, name, quantity, price FROM products LIMIT $1 OFFSET $2 | ARGS: []
[DB_LOG] 2025/03/13 16:54:29 logger.go:37: SQL: SELECT id, name, quantity, price FROM products LIMIT $1 OFFSET $2 | ARGS: []
[DB_LOG] 2025/03/13 16:54:30 logger.go:37: SQL: SELECT id, name, quantity, price FROM products LIMIT $1 OFFSET $2 | ARGS: []
[DB_LOG] 2025/03/13 16:54:34 logger.go:37: SQL: SELECT id, name, quantity, price FROM products LIMIT $1 OFFSET $2 | ARGS: []
[DB_LOG] 2025/03/13 16:54:34 logger.go:37: SQL: SELECT id, name, quantity, price FROM products LIMIT $1 OFFSET $2 | ARGS: []
[DB_LOG] 2025/03/13 16:54:35 logger.go:37: SQL: SELECT id, name, quantity, price FROM products LIMIT $1 OFFSET $2 | ARGS: []
[DB_LOG] 2025/03/13 16:54:35 logger.go:37: SQL: SELECT id, name, quantity, price FROM products LIMIT $1 OFFSET $2 | ARGS: []
[DB_LOG] 2025/03/13 16:54:36 logger.go:37: SQL: SELECT id, name, quantity, price FROM products LIMIT $1 OFFSET $2 | ARGS: []
[DB_LOG] 2025/03/13 16:54:37 logger.go:37: SQL: SELECT id, name, quantity, price FROM products LIMIT $1 OFFSET $2 | ARGS: []
[DB_LOG] 2025/03/13 16:54:38 logger.go:37: SQL: SELECT id, name, quantity, price FROM products LIMIT $1 OFFSET $2 | ARGS: []
[DB_LOG] 2025/03/13 16:54:40 logger.go:37: SQL: SELECT id, name, quantity, price FROM products LIMIT $1 OFFSET $2 | ARGS: []
[DB_LOG] 2025/03/13 16:54:44 logger.go:37: SQL: SELECT id, name, quantity, price FROM products LIMIT $1 OFFSET $2 | ARGS: []
[DB_LOG] 2025/03/13 16:55:27 logger.go:37: SQL: SELECT id, name, quantity, price FROM products LIMIT $1 OFFSET $2 | ARGS: []
[DB_LOG] 2025/03/13 16:55:28 logger.go:37: SQL: SELECT id, name, quantity, price FROM products LIMIT $1 OFFSET $2 | ARGS: []
[DB_LOG] 2025/03/13 16:55:29 logger.go:37: SQL: SELECT id, name, quantity, price FROM products LIMIT $1 OFFSET $2 | ARGS: []
[DB_LOG] 2025/03/13 16:55:30 logger.go:37: SQL: SELECT id, name, quantity, price FROM products LIMIT $1 OFFSET $2 | ARGS: []
[DB_LOG] 2025/03/13 16:55:30 logger.go:37: SQL: SELECT id, name, quantity, price FROM products LIMIT $1 OFFSET $2 | ARGS: []
[DB_LOG] 2025/03/13 16:55:31 logger.go:37: SQL: SELECT id, name, quantity, price FROM products LIMIT $1 OFFSET $2 | ARGS: []
[DB_LOG] 2025/03/13 16:55:31 logger.go:37: SQL: SELECT id, name, quantity, price FROM products LIMIT $1 OFFSET $2 | ARGS: []
[DB_LOG] 2025/03/13 16:55:37 logger.go:37: SQL: SELECT id, name, quantity, price FROM products LIMIT $1 OFFSET $2 | ARGS: []
[DB_LOG] 2025/03/13 16:55:38 logger.go:37: SQL: SELECT id, name, quantity, price FROM products LIMIT $1 OFFSET $2 | ARGS: []
[DB_LOG] 2025/03/13 16:55:39 logger.go:37: SQL: SELECT id, name, quantity, price FROM products LIMIT $1 OFFSET $2 | ARGS: []
[DB_LOG] 2025/03/13 16:55:41 logger.go:37: SQL: SELECT id, name, quantity, price FROM products LIMIT $1 OFFSET $2 | ARGS: []
[DB_LOG] 2025/03/13 16:55:45 logger.go:37: SQL: SELECT id, name, quantity, price FROM products LIMIT $1 OFFSET $2 | ARGS: []
[DB_LOG] 2025/03/13 16:55:49 logger.go:37: SQL: SELECT id, name, quantity, price FROM products LIMIT $1 OFFSET $2 | ARGS: []
[DB_LOG] 2025/03/13 16:55:51 logger.go:37: SQL: SELECT * FROM products WHERE id = ? | ARGS: [1]
[DB_LOG] 2025/03/13 16:55:56 logger.go:37: SQL: SELECT id, name, quantity, price FROM products LIMIT $1 OFFSET $2 | ARGS: []
[DB_LOG] 2025/03/13 16:55:57 logger.go:37: SQL: SELECT id, name, quantity, price FROM products LIMIT $1 OFFSET $2 | ARGS: []
[DB_LOG] 2025/03/13 16:55:59 logger.go:37: SQL: SELECT id, name, quantity, price FROM products LIMIT $1 OFFSET $2 | ARGS: []
[DB_LOG] 2025/03/13 16:56:03 logger.go:37: SQL: SELECT id, name, quantity, price FROM products LIMIT $1 OFFSET $2 | ARGS: []
[DB_LOG] 2025/03/13 16:56:15 logger.go:37: SQL: SELECT id, name, quantity, price FROM products LIMIT $1 OFFSET $2 | ARGS: []
[DB_LOG] 2025/03/13 17:02:37 logger.go:37: SQL: SELECT id, name, quantity, price FROM products LIMIT $1 OFFSET $2 | ARGS: []
[DB_LOG] 2025/03/13 17:02:38 logger.go:37: SQL: SELECT id, name, quantity, price FROM products LIMIT $1 OFFSET $2 | ARGS: []
[DB_LOG] 2025/03/13 17:03:55 logger.go:37: SQL: SELECT id, name, quantity, price FROM products LIMIT $1 OFFSET $2 | ARGS: []
[DB_LOG] 2025/03/13 17:05:25 logger.go:37: SQL: SELECT id, name, quantity, price FROM products LIMIT $1 OFFSET $2 | ARGS: []
[DB_LOG] 2025/03/13 17:08:26 logger.go:37: SQL: SELECT id, name, sku, price FROM products LIMIT $1 OFFSET $2 | ARGS: []
[DB_LOG] 2025/03/13 17:08:27 logger.go:37: SQL: SELECT id, name, sku, price FROM products LIMIT $1 OFFSET $2 | ARGS: []
[DB_LOG] 2025/03/13 17:08:28 logger.go:37: SQL: SELECT id, name, sku, price FROM products LIMIT $1 OFFSET $2 | ARGS: []
[DB_LOG] 2025/03/13 17:08:33 logger.go:37: SQL: SELECT id, name, sku, price FROM products LIMIT $1 OFFSET $2 | ARGS: []
[DB_LOG] 2025/03/13 17:09:58 logger.go:37: SQL: SELECT id, name, sku, price FROM products LIMIT $1 OFFSET $2 | ARGS: []
[DB_LOG] 2025/03/14 09:14:33 logger.go:37: SQL: SELECT * FROM products WHERE id = ? | ARGS: [1]
[DB_LOG] 2025/03/14 09:14:34 logger.go:37: SQL: SELECT * FROM products WHERE id = ? | ARGS: [1]
[DB_LOG] 2025/03/14 09:14:36 logger.go:37: SQL: SELECT * FROM products WHERE id = ? | ARGS: [1]
[DB_LOG] 2025/03/14 09:14:40 logger.go:37: SQL: SELECT * FROM products WHERE id = ? | ARGS: [1]
[DB_LOG] 2025/03/14 09:14:40 logger.go:37: SQL: SELECT * FROM products WHERE id = ? | ARGS: [1]
[DB_LOG] 2025/03/14 09:14:41 logger.go:37: SQL: SELECT * FROM products WHERE id = ? | ARGS: [1]
[DB_LOG] 2025/03/14 09:14:43 logger.go:37: SQL: SELECT * FROM products WHERE id = ? | ARGS: [1]
[DB_LOG] 2025/03/14 09:14:47 logger.go:37: SQL: SELECT * FROM products WHERE id = ? | ARGS: [1]
[DB_LOG] 2025/03/14 09:14:56 logger.go:37: SQL: SELECT * FROM products WHERE id = ? | ARGS: [1]
[DB_LOG] 2025/03/14 09:15:08 logger.go:37: SQL: SELECT * FROM products WHERE id = ? | ARGS: [1]
[DB_LOG] 2025/03/14 09:15:09 logger.go:37: SQL: SELECT * FROM products WHERE id = ? | ARGS: [1]
[DB_LOG] 2025/03/14 09:15:11 logger.go:37: SQL: SELECT * FROM products WHERE id = ? | ARGS: [1]
[DB_LOG] 2025/03/14 09:15:15 logger.go:37: SQL: SELECT * FROM products WHERE id = ? | ARGS: [1]
[DB_LOG] 2025/03/14 11:16:29 logger.go:37: SQL: SELECT id, customer_name, total_price FROM orders LIMIT $1 OFFSET $2 | ARGS: []
[DB_LOG] 2025/03/14 11:19:34 logger.go:37: SQL: SELECT id, customer_name, total_price FROM orders LIMIT $1 OFFSET $2 | ARGS: []
[DB_LOG] 2025/03/14 11:19:38 logger.go:37: SQL: SELECT id, customer_name, total_price FROM orders LIMIT $1 OFFSET $2 | ARGS: []
[DB_LOG] 2025/03/14 11:19:55 logger.go:37: SQL: SELECT id, customer_name, total_price FROM orders LIMIT $1 OFFSET $2 | ARGS: []
[DB_LOG] 2025/03/14 11:19:57 logger.go:37: SQL: SELECT id, customer_name, total_price FROM orders LIMIT $1 OFFSET $2 | ARGS: []
[DB_LOG] 2025/03/14 11:20:02 logger.go:37: SQL: SELECT id, customer_name, total_price FROM orders LIMIT $1 OFFSET $2 | ARGS: []
[DB_LOG] 2025/03/14 11:20:23 logger.go:37: SQL: SELECT id, customer_name, total_price FROM orders LIMIT $1 OFFSET $2 | ARGS: []
[DB_LOG] 2025/03/14 11:20:40 logger.go:37: SQL: SELECT id, customer_name, total_price FROM orders LIMIT $1 OFFSET $2 | ARGS: []
[DB_LOG] 2025/03/14 11:20:47 logger.go:37: SQL: SELECT id, customer_name, total_price FROM orders LIMIT $1 OFFSET $2 | ARGS: []
[DB_LOG] 2025/03/14 11:20:50 logger.go:37: SQL: SELECT id, customer_name, total_price FROM orders LIMIT $1 OFFSET $2 | ARGS: []
[DB_LOG] 2025/03/14 11:32:20 logger.go:37: SQL: SELECT id, customer_name, total_price FROM orders WHERE 1=1 LIMIT $1 OFFSET $2 | ARGS: []
[DB_LOG] 2025/03/14 11:32:21 logger.go:37: SQL: SELECT id, customer_name, total_price FROM orders WHERE 1=1 LIMIT $1 OFFSET $2 | ARGS: []
[DB_LOG] 2025/03/14 11:32:40 logger.go:37: SQL: SELECT id, customer_name, total_price FROM orders WHERE 1=1 LIMIT $1 OFFSET $2 | ARGS: []
[DB_LOG] 2025/03/14 11:33:08 logger.go:37: SQL: SELECT id, customer_name, total_price FROM orders WHERE 1=1 LIMIT $1 OFFSET $2 | ARGS: []
[DB_LOG] 2025/03/14 11:37:36 logger.go:37: SQL: SELECT id, customer_name, total_price FROM orders WHERE 1=1 LIMIT $1 OFFSET $2 | ARGS: []
[DB_LOG] 2025/03/14 11:37:37 logger.go:37: SQL: SELECT id, customer_name, total_price FROM orders WHERE 1=1 LIMIT $1 OFFSET $2 | ARGS: []
[DB_LOG] 2025/03/14 11:39:21 logger.go:37: SQL: SELECT id, customer_name, total_price FROM orders WHERE 1=1 LIMIT $1 OFFSET $2 | ARGS: []
[DB_LOG] 2025/03/14 11:39:27 logger.go:37: SQL: SELECT id, customer_name, total_price FROM orders WHERE 1=1 LIMIT $1 OFFSET $2 | ARGS: []
[DB_LOG] 2025/03/14 11:40:12 logger.go:37: SQL: SELECT id, customer_name, total_price FROM orders WHERE 1=1 LIMIT $1 OFFSET $2 | ARGS: []
[DB_LOG] 2025/03/14 11:40:44 logger.go:37: SQL: SELECT id, customer_name, total_price FROM orders WHERE 1=1 LIMIT $1 OFFSET $2 | ARGS: []
[DB_LOG] 2025/03/14 11:41:00 logger.go:37: SQL: SELECT id, customer_name, total_price FROM orders WHERE 1=1 LIMIT $1 OFFSET $2 | ARGS: []
[DB_LOG] 2025/03/14 11:41:55 logger.go:37: SQL: SELECT id, customer_name, total_price FROM orders WHERE 1=1 LIMIT $1 OFFSET $2 | ARGS: []
[DB_LOG] 2025/03/14 11:41:59 logger.go:37: SQL: SELECT id, customer_name, total_price FROM orders WHERE 1=1 LIMIT $1 OFFSET $2 | ARGS: []
[DB_LOG] 2025/03/14 11:45:18 logger.go:37: SQL: SELECT id, customer_name, total_price FROM orders WHERE 1=1 LIMIT $1 OFFSET $2 | ARGS: []
[DB_LOG] 2025/03/14 11:45:19 logger.go:37: SQL: SELECT id, customer_name, total_price FROM orders WHERE 1=1 LIMIT $1 OFFSET $2 | ARGS: []
[DB_LOG] 2025/03/14 11:45:20 logger.go:37: SQL: SELECT id, customer_name, total_price FROM orders WHERE 1=1 LIMIT $1 OFFSET $2 | ARGS: []
[DB_LOG] 2025/03/14 11:45:22 logger.go:37: SQL: SELECT id, customer_name, total_price FROM orders WHERE 1=1 LIMIT $1 OFFSET $2 | ARGS: []
[DB_LOG] 2025/03/14 11:45:26 logger.go:37: SQL: SELECT id, customer_name, total_price FROM orders WHERE 1=1 LIMIT $1 OFFSET $2 | ARGS: []
[DB_LOG] 2025/03/14 11:46:37 logger.go:37: SQL: SELECT id, customer_name, total_price FROM orders WHERE LIMIT $1 OFFSET $2 | ARGS: []
[DB_LOG] 2025/03/14 11:46:38 logger.go:37: SQL: SELECT id, customer_name, total_price FROM orders WHERE LIMIT $1 OFFSET $2 | ARGS: []
[DB_LOG] 2025/03/14 11:46:41 logger.go:37: SQL: SELECT id, customer_name, total_price FROM orders WHERE LIMIT $1 OFFSET $2 | ARGS: []
[DB_LOG] 2025/03/14 11:46:45 logger.go:37: SQL: SELECT id, customer_name, total_price FROM orders WHERE LIMIT $1 OFFSET $2 | ARGS: []
[DB_LOG] 2025/03/14 11:50:33 logger.go:37: SQL: SELECT id, customer_name, total_price FROM orders WHERE LIMIT $1 OFFSET $2 | ARGS: []
[DB_LOG] 2025/03/14 11:50:34 logger.go:37: SQL: SELECT id, customer_name, total_price FROM orders WHERE LIMIT $1 OFFSET $2 | ARGS: []
[DB_LOG] 2025/03/14 11:51:39 logger.go:37: SQL: SELECT id, customer_name, total_price FROM orders WHERE 1=1 LIMIT $1 OFFSET $2 | ARGS: []
[DB_LOG] 2025/03/14 11:51:40 logger.go:37: SQL: SELECT id, customer_name, total_price FROM orders WHERE 1=1 LIMIT $1 OFFSET $2 | ARGS: []
[DB_LOG] 2025/03/14 11:52:25 logger.go:37: SQL: SELECT id, customer_name, total_price FROM orders LIMIT $1 OFFSET $2 | ARGS: []
[DB_LOG] 2025/03/14 11:52:50 logger.go:37: SQL: SELECT id, customer_name, total_price FROM orders WHERE  LIMIT $1 OFFSET $2 | ARGS: []
[DB_LOG] 2025/03/14 11:52:51 logger.go:37: SQL: SELECT id, customer_name, total_price FROM orders WHERE  LIMIT $1 OFFSET $2 | ARGS: []
[DB_LOG] 2025/03/14 11:52:53 logger.go:37: SQL: SELECT id, customer_name, total_price FROM orders WHERE  LIMIT $1 OFFSET $2 | ARGS: []
[DB_LOG] 2025/03/14 11:52:57 logger.go:37: SQL: SELECT id, customer_name, total_price FROM orders WHERE  LIMIT $1 OFFSET $2 | ARGS: []
[DB_LOG] 2025/03/14 11:53:09 logger.go:37: SQL: SELECT id, customer_name, total_price FROM orders WHERE 1=1 LIMIT $1 OFFSET $2 | ARGS: []
[DB_LOG] 2025/03/14 11:53:29 logger.go:37: SQL: SELECT id, customer_name, total_price FROM orders WHERE 1=1 LIMIT $1 OFFSET $2 | ARGS: []
[DB_LOG] 2025/03/14 11:55:12 logger.go:37: SQL: SELECT id, customer_name, total_price FROM orders WHERE 1=1 LIMIT $1 OFFSET $2 | ARGS: []
[DB_LOG] 2025/03/14 11:55:13 logger.go:37: SQL: SELECT id, customer_name, total_price FROM orders WHERE 1=1 LIMIT $1 OFFSET $2 | ARGS: []
[DB_LOG] 2025/03/14 11:56:18 logger.go:37: SQL: SELECT id, customer_name, total_price FROM orders WHERE 1=1 LIMIT $1 OFFSET $2 | ARGS: []
[DB_LOG] 2025/03/14 11:56:26 logger.go:37: SQL: SELECT id, customer_name, total_price FROM orders WHERE 1=1 LIMIT $1 OFFSET $2 | ARGS: [[10 0]]
[DB_LOG] 2025/03/14 11:57:22 logger.go:37: SQL: SELECT id, customer_name, total_price FROM orders WHERE 1=1 LIMIT $1 OFFSET $2 | ARGS: [[10 0]]
[DB_LOG] 2025/03/14 11:57:24 logger.go:37: SQL: SELECT id, customer_name, total_price FROM orders WHERE 1=1 LIMIT $1 OFFSET $2 | ARGS: [[10 0]]
[DB_LOG] 2025/03/14 11:57:31 logger.go:37: SQL: SELECT id, customer_name, total_price FROM orders WHERE 1=1 LIMIT $1 OFFSET $2 | ARGS: [[10 0]]
[DB_LOG] 2025/03/14 11:59:31 logger.go:37: SQL: SELECT id, customer_name, total_price FROM orders WHERE 1=1 LIMIT $1 OFFSET $2 | ARGS: [[10 0]]
[DB_LOG] 2025/03/14 11:59:35 logger.go:37: SQL: SELECT id, customer_name, total_price FROM orders WHERE 1=1 LIMIT $1 OFFSET $2 | ARGS: [[10 0]]
[DB_LOG] 2025/03/14 12:00:45 logger.go:37: SQL: SELECT id, customer_name, total_price FROM orders WHERE 1=1 LIMIT $1 OFFSET $2 | ARGS: [[10 0]]
[DB_LOG] 2025/03/14 12:00:47 logger.go:37: SQL: SELECT id, customer_name, total_price FROM orders WHERE 1=1 LIMIT $1 OFFSET $2 | ARGS: [[10 0]]
[DB_LOG] 2025/03/14 12:00:51 logger.go:37: SQL: SELECT id, customer_name, total_price FROM orders WHERE 1=1 LIMIT $1 OFFSET $2 | ARGS: [[10 0]]
[DB_LOG] 2025/03/14 12:00:56 logger.go:37: SQL: SELECT id, customer_name, total_price FROM orders WHERE 1=1 LIMIT $1 OFFSET $2 | ARGS: [[10 0]]
[DB_LOG] 2025/03/14 12:00:59 logger.go:37: SQL: SELECT id, customer_name, total_price FROM orders WHERE 1=1 LIMIT $1 OFFSET $2 | ARGS: [[10 0]]
[DB_LOG] 2025/03/14 12:01:01 logger.go:37: SQL: SELECT id, customer_name, total_price FROM orders WHERE 1=1 LIMIT $1 OFFSET $2 | ARGS: [[10 0]]
[DB_LOG] 2025/03/14 12:11:47 logger.go:37: SQL: SELECT id, customer_name, total_price FROM orders WHERE 1=1 LIMIT $1 OFFSET $2 | ARGS: [[10 0]]
[DB_LOG] 2025/03/14 12:11:47 logger.go:37: SQL: SELECT id, customer_name, total_price FROM orders WHERE 1=1 LIMIT $1 OFFSET $2 | ARGS: [[10 0]]
[DB_LOG] 2025/03/14 12:38:08 logger.go:37: SQL: SELECT id, customer_name, total_price FROM orders WHERE 1=1 LIMIT $1 OFFSET $2 | ARGS: [[10 0]]
[DB_LOG] 2025/03/14 12:38:08 logger.go:37: SQL: SELECT id, customer_name, total_price FROM orders WHERE 1=1 LIMIT $1 OFFSET $2 | ARGS: [[10 0]]
[DB_LOG] 2025/03/14 13:02:09 logger.go:37: SQL: SELECT id, customer_name, total_price FROM orders WHERE 1=1 LIMIT $1 OFFSET $2 | ARGS: [[10 0]]
[DB_LOG] 2025/03/14 13:03:51 logger.go:37: SQL: SELECT id, customer_name, total_price FROM orders WHERE 1=1 LIMIT $1 OFFSET $2 | ARGS: [[10 0]]
[DB_LOG] 2025/03/14 13:03:51 logger.go:37: SQL: SELECT id, customer_name, total_price FROM orders WHERE 1=1 LIMIT $1 OFFSET $2 | ARGS: [[10 0]]
[DB_LOG] 2025/03/14 13:04:01 logger.go:37: SQL: SELECT id, customer_name, total_price FROM orders WHERE 1=1 LIMIT $1 OFFSET $2 | ARGS: [[10 0]]
[DB_LOG] 2025/03/14 13:04:45 logger.go:37: SQL: SELECT id, customer_name, total_price FROM orders WHERE 1=1 LIMIT $1 OFFSET $2 | ARGS: [[10 0]]
[DB_LOG] 2025/03/14 13:04:45 logger.go:37: SQL: SELECT id, customer_name, total_price FROM orders WHERE 1=1 LIMIT $1 OFFSET $2 | ARGS: [[10 0]]
[DB_LOG] 2025/03/14 13:04:45 logger.go:37: SQL: SELECT id, customer_name, total_price FROM orders WHERE 1=1 LIMIT $1 OFFSET $2 | ARGS: [[10 0]]
[DB_LOG] 2025/03/14 13:04:45 logger.go:37: SQL: SELECT id, customer_name, total_price FROM orders WHERE 1=1 LIMIT $1 OFFSET $2 | ARGS: [[10 0]]
[DB_LOG] 2025/03/14 13:04:53 logger.go:37: SQL: SELECT id, customer_name, total_price FROM orders WHERE 1=1 LIMIT $1 OFFSET $2 | ARGS: [[10 0]]
[DB_LOG] 2025/03/14 13:04:53 logger.go:37: SQL: SELECT id, customer_name, total_price FROM orders WHERE 1=1 LIMIT $1 OFFSET $2 | ARGS: [[10 0]]
[DB_LOG] 2025/03/14 13:04:54 logger.go:37: SQL: SELECT id, customer_name, total_price FROM orders WHERE 1=1 LIMIT $1 OFFSET $2 | ARGS: [[10 0]]
[DB_LOG] 2025/03/14 13:04:54 logger.go:37: SQL: SELECT id, customer_name, total_price FROM orders WHERE 1=1 LIMIT $1 OFFSET $2 | ARGS: [[10 0]]
[DB_LOG] 2025/03/14 13:04:59 logger.go:37: SQL: SELECT id, customer_name, total_price FROM orders WHERE 1=1 LIMIT $1 OFFSET $2 | ARGS: [[10 0]]
[DB_LOG] 2025/03/14 13:05:00 logger.go:37: SQL: SELECT id, customer_name, total_price FROM orders WHERE 1=1 LIMIT $1 OFFSET $2 | ARGS: [[10 0]]
[DB_LOG] 2025/03/14 13:05:08 logger.go:37: SQL: SELECT id, customer_name, total_price FROM orders WHERE 1=1 LIMIT $1 OFFSET $2 | ARGS: [[10 0]]
[DB_LOG] 2025/03/14 13:05:14 logger.go:37: SQL: SELECT id, customer_name, total_price FROM orders WHERE 1=1 LIMIT $1 OFFSET $2 | ARGS: [[10 0]]
[DB_LOG] 2025/03/14 13:05:24 logger.go:37: SQL: SELECT id, customer_name, total_price FROM orders WHERE 1=1 LIMIT $1 OFFSET $2 | ARGS: [[10 0]]
[DB_LOG] 2025/03/14 13:06:35 logger.go:37: SQL: SELECT id, customer_name, total_price FROM orders WHERE 1=1 LIMIT $1 OFFSET $2 | ARGS: [[10 0]]
[DB_LOG] 2025/03/14 13:06:40 logger.go:37: SQL: SELECT id, customer_name, total_price FROM orders WHERE 1=1 LIMIT $1 OFFSET $2 | ARGS: [[10 0]]
[DB_LOG] 2025/03/14 13:07:24 logger.go:37: SQL: SELECT id, customer_name, total_price FROM orders WHERE 1=1 LIMIT $1 OFFSET $2 | ARGS: [[10 0]]
[DB_LOG] 2025/03/14 13:07:24 logger.go:37: SQL: SELECT id, customer_name, total_price FROM orders WHERE 1=1 LIMIT $1 OFFSET $2 | ARGS: [[10 0]]
[DB_LOG] 2025/03/14 13:07:24 logger.go:37: SQL: SELECT id, customer_name, total_price FROM orders WHERE 1=1 LIMIT $1 OFFSET $2 | ARGS: [[10 0]]
[DB_LOG] 2025/03/14 13:07:27 logger.go:37: SQL: SELECT id, customer_name, total_price FROM orders WHERE 1=1 LIMIT $1 OFFSET $2 | ARGS: [[10 0]]
[DB_LOG] 2025/03/14 13:07:27 logger.go:37: SQL: SELECT id, customer_name, total_price FROM orders WHERE 1=1 LIMIT $1 OFFSET $2 | ARGS: [[10 0]]
[DB_LOG] 2025/03/14 13:07:29 logger.go:37: SQL: SELECT id, customer_name, total_price FROM orders WHERE 1=1 LIMIT $1 OFFSET $2 | ARGS: [[10 0]]
[DB_LOG] 2025/03/14 13:07:29 logger.go:37: SQL: SELECT id, customer_name, total_price FROM orders WHERE 1=1 LIMIT $1 OFFSET $2 | ARGS: [[10 0]]
[DB_LOG] 2025/03/14 13:07:31 logger.go:37: SQL: SELECT id, customer_name, total_price FROM orders WHERE 1=1 AND customer_name ILIKE $1 LIMIT $2 OFFSET $3 | ARGS: [[%Customer 132225% 10 0]]
[DB_LOG] 2025/03/14 13:07:39 logger.go:37: SQL: SELECT id, customer_name, total_price FROM orders WHERE 1=1 AND customer_name ILIKE $1 LIMIT $2 OFFSET $3 | ARGS: [[%Customer 13222% 10 0]]
[DB_LOG] 2025/03/14 13:07:42 logger.go:37: SQL: SELECT id, customer_name, total_price FROM orders WHERE 1=1 AND customer_name ILIKE $1 LIMIT $2 OFFSET $3 | ARGS: [[%Customer 1322% 10 0]]
